<?xml version="1.0" encoding="UTF-8"?>
<!-- Generated by org.testng.reporters.JUnitXMLReporter -->
<testsuite ignored="2" hostname="Aswin-mac.local" failures="6" tests="8" name="qaautomationlabs testregression" time="182.694" errors="0" timestamp="2026-09-02T13:27:21 GMT-07:00">
  <testcase classname="com.qa.qaautomationlab.test.login_Test" name="doinvalidlogin" time="30.085">
    <failure type="com.microsoft.playwright.TimeoutError" message="Error {
  message=&amp;apos;Timeout 30000ms exceeded.
  name=&amp;apos;TimeoutError
  stack=&amp;apos;TimeoutError: Timeout 30000ms exceeded.
    at ProgressController.run (/private/var/folders/dv/8dk0lm9x17qfc39gqpw0273h0000gn/T/playwright-java-13449128504345480732/package/lib/server/progress.js:92:28)
    at FrameDispatcher._runCommand (/private/var/folders/dv/8dk0lm9x17qfc39gqpw0273h0000gn/T/playwright-java-13449128504345480732/package/lib/server/dispatchers/dispatcher.js:91:31)
    at DispatcherConnection.dispatch (/private/var/folders/dv/8dk0lm9x17qfc39gqpw0273h0000gn/T/playwright-java-13449128504345480732/package/lib/server/dispatchers/dispatcher.js:325:39)
}
Call log:
-   - waiting for locator(&amp;quot;//input[@id=&amp;apos;email&amp;apos;]&amp;quot;)
">
      <![CDATA[com.microsoft.playwright.TimeoutError: Error {
  message='Timeout 30000ms exceeded.
  name='TimeoutError
  stack='TimeoutError: Timeout 30000ms exceeded.
    at ProgressController.run (/private/var/folders/dv/8dk0lm9x17qfc39gqpw0273h0000gn/T/playwright-java-13449128504345480732/package/lib/server/progress.js:92:28)
    at FrameDispatcher._runCommand (/private/var/folders/dv/8dk0lm9x17qfc39gqpw0273h0000gn/T/playwright-java-13449128504345480732/package/lib/server/dispatchers/dispatcher.js:91:31)
    at DispatcherConnection.dispatch (/private/var/folders/dv/8dk0lm9x17qfc39gqpw0273h0000gn/T/playwright-java-13449128504345480732/package/lib/server/dispatchers/dispatcher.js:325:39)
}
Call log:
-   - waiting for locator("//input[@id='email']")

at com.microsoft.playwright.impl.WaitableResult.get(WaitableResult.java:52)
at com.microsoft.playwright.impl.ChannelOwner.runUntil(ChannelOwner.java:138)
at com.microsoft.playwright.impl.Connection.sendMessage(Connection.java:131)
at com.microsoft.playwright.impl.ChannelOwner.sendMessage(ChannelOwner.java:124)
at com.microsoft.playwright.impl.FrameImpl.fill(FrameImpl.java:310)
at com.microsoft.playwright.impl.PageImpl.fill(PageImpl.java:785)
at com.microsoft.playwright.Page.fill(Page.java:4810)
at com.qa.qaautomationlabs.pages.login_page.dologin(login_page.java:38)
at com.qa.qaautomationlab.test.login_Test.doinvalidlogin(login_Test.java:74)
at java.base/java.util.ArrayList.forEach(ArrayList.java:1596)
Caused by: com.microsoft.playwright.TimeoutError: Error {
  message='Timeout 30000ms exceeded.
  name='TimeoutError
  stack='TimeoutError: Timeout 30000ms exceeded.
    at ProgressController.run (/private/var/folders/dv/8dk0lm9x17qfc39gqpw0273h0000gn/T/playwright-java-13449128504345480732/package/lib/server/progress.js:92:28)
    at FrameDispatcher._runCommand (/private/var/folders/dv/8dk0lm9x17qfc39gqpw0273h0000gn/T/playwright-java-13449128504345480732/package/lib/server/dispatchers/dispatcher.js:91:31)
    at DispatcherConnection.dispatch (/private/var/folders/dv/8dk0lm9x17qfc39gqpw0273h0000gn/T/playwright-java-13449128504345480732/package/lib/server/dispatchers/dispatcher.js:325:39)
}
Call log:
-   - waiting for locator("//input[@id='email']")

at com.microsoft.playwright.impl.Connection.dispatch(Connection.java:257)
at com.microsoft.playwright.impl.Connection.processOneMessage(Connection.java:214)
at com.microsoft.playwright.impl.ChannelOwner.runUntil(ChannelOwner.java:136)
... 33 more
... Removed 25 stack frames]]>
    </failure>
  </testcase> <!-- doinvalidlogin -->
  <testcase classname="com.qa.qaautomationlab.test.login_Test" name="doinvalidlogin" time="30.021">
    <failure type="com.microsoft.playwright.TimeoutError" message="Error {
  message=&amp;apos;Timeout 30000ms exceeded.
  name=&amp;apos;TimeoutError
  stack=&amp;apos;TimeoutError: Timeout 30000ms exceeded.
    at ProgressController.run (/private/var/folders/dv/8dk0lm9x17qfc39gqpw0273h0000gn/T/playwright-java-13449128504345480732/package/lib/server/progress.js:92:28)
    at FrameDispatcher._runCommand (/private/var/folders/dv/8dk0lm9x17qfc39gqpw0273h0000gn/T/playwright-java-13449128504345480732/package/lib/server/dispatchers/dispatcher.js:91:31)
    at DispatcherConnection.dispatch (/private/var/folders/dv/8dk0lm9x17qfc39gqpw0273h0000gn/T/playwright-java-13449128504345480732/package/lib/server/dispatchers/dispatcher.js:325:39)
}
Call log:
-   - waiting for locator(&amp;quot;//input[@id=&amp;apos;email&amp;apos;]&amp;quot;)
">
      <![CDATA[com.microsoft.playwright.TimeoutError: Error {
  message='Timeout 30000ms exceeded.
  name='TimeoutError
  stack='TimeoutError: Timeout 30000ms exceeded.
    at ProgressController.run (/private/var/folders/dv/8dk0lm9x17qfc39gqpw0273h0000gn/T/playwright-java-13449128504345480732/package/lib/server/progress.js:92:28)
    at FrameDispatcher._runCommand (/private/var/folders/dv/8dk0lm9x17qfc39gqpw0273h0000gn/T/playwright-java-13449128504345480732/package/lib/server/dispatchers/dispatcher.js:91:31)
    at DispatcherConnection.dispatch (/private/var/folders/dv/8dk0lm9x17qfc39gqpw0273h0000gn/T/playwright-java-13449128504345480732/package/lib/server/dispatchers/dispatcher.js:325:39)
}
Call log:
-   - waiting for locator("//input[@id='email']")

at com.microsoft.playwright.impl.WaitableResult.get(WaitableResult.java:52)
at com.microsoft.playwright.impl.ChannelOwner.runUntil(ChannelOwner.java:138)
at com.microsoft.playwright.impl.Connection.sendMessage(Connection.java:131)
at com.microsoft.playwright.impl.ChannelOwner.sendMessage(ChannelOwner.java:124)
at com.microsoft.playwright.impl.FrameImpl.fill(FrameImpl.java:310)
at com.microsoft.playwright.impl.PageImpl.fill(PageImpl.java:785)
at com.microsoft.playwright.Page.fill(Page.java:4810)
at com.qa.qaautomationlabs.pages.login_page.dologin(login_page.java:38)
at com.qa.qaautomationlab.test.login_Test.doinvalidlogin(login_Test.java:74)
at java.base/java.util.ArrayList.forEach(ArrayList.java:1596)
Caused by: com.microsoft.playwright.TimeoutError: Error {
  message='Timeout 30000ms exceeded.
  name='TimeoutError
  stack='TimeoutError: Timeout 30000ms exceeded.
    at ProgressController.run (/private/var/folders/dv/8dk0lm9x17qfc39gqpw0273h0000gn/T/playwright-java-13449128504345480732/package/lib/server/progress.js:92:28)
    at FrameDispatcher._runCommand (/private/var/folders/dv/8dk0lm9x17qfc39gqpw0273h0000gn/T/playwright-java-13449128504345480732/package/lib/server/dispatchers/dispatcher.js:91:31)
    at DispatcherConnection.dispatch (/private/var/folders/dv/8dk0lm9x17qfc39gqpw0273h0000gn/T/playwright-java-13449128504345480732/package/lib/server/dispatchers/dispatcher.js:325:39)
}
Call log:
-   - waiting for locator("//input[@id='email']")

at com.microsoft.playwright.impl.Connection.dispatch(Connection.java:257)
at com.microsoft.playwright.impl.Connection.processOneMessage(Connection.java:214)
at com.microsoft.playwright.impl.ChannelOwner.runUntil(ChannelOwner.java:136)
... 33 more
... Removed 25 stack frames]]>
    </failure>
  </testcase> <!-- doinvalidlogin -->
  <testcase classname="com.qa.qaautomationlab.test.login_Test" name="doinvalidlogin" time="30.022">
    <failure type="com.microsoft.playwright.TimeoutError" message="Error {
  message=&amp;apos;Timeout 30000ms exceeded.
  name=&amp;apos;TimeoutError
  stack=&amp;apos;TimeoutError: Timeout 30000ms exceeded.
    at ProgressController.run (/private/var/folders/dv/8dk0lm9x17qfc39gqpw0273h0000gn/T/playwright-java-13449128504345480732/package/lib/server/progress.js:92:28)
    at FrameDispatcher._runCommand (/private/var/folders/dv/8dk0lm9x17qfc39gqpw0273h0000gn/T/playwright-java-13449128504345480732/package/lib/server/dispatchers/dispatcher.js:91:31)
    at DispatcherConnection.dispatch (/private/var/folders/dv/8dk0lm9x17qfc39gqpw0273h0000gn/T/playwright-java-13449128504345480732/package/lib/server/dispatchers/dispatcher.js:325:39)
}
Call log:
-   - waiting for locator(&amp;quot;//input[@id=&amp;apos;email&amp;apos;]&amp;quot;)
">
      <![CDATA[com.microsoft.playwright.TimeoutError: Error {
  message='Timeout 30000ms exceeded.
  name='TimeoutError
  stack='TimeoutError: Timeout 30000ms exceeded.
    at ProgressController.run (/private/var/folders/dv/8dk0lm9x17qfc39gqpw0273h0000gn/T/playwright-java-13449128504345480732/package/lib/server/progress.js:92:28)
    at FrameDispatcher._runCommand (/private/var/folders/dv/8dk0lm9x17qfc39gqpw0273h0000gn/T/playwright-java-13449128504345480732/package/lib/server/dispatchers/dispatcher.js:91:31)
    at DispatcherConnection.dispatch (/private/var/folders/dv/8dk0lm9x17qfc39gqpw0273h0000gn/T/playwright-java-13449128504345480732/package/lib/server/dispatchers/dispatcher.js:325:39)
}
Call log:
-   - waiting for locator("//input[@id='email']")

at com.microsoft.playwright.impl.WaitableResult.get(WaitableResult.java:52)
at com.microsoft.playwright.impl.ChannelOwner.runUntil(ChannelOwner.java:138)
at com.microsoft.playwright.impl.Connection.sendMessage(Connection.java:131)
at com.microsoft.playwright.impl.ChannelOwner.sendMessage(ChannelOwner.java:124)
at com.microsoft.playwright.impl.FrameImpl.fill(FrameImpl.java:310)
at com.microsoft.playwright.impl.PageImpl.fill(PageImpl.java:785)
at com.microsoft.playwright.Page.fill(Page.java:4810)
at com.qa.qaautomationlabs.pages.login_page.dologin(login_page.java:38)
at com.qa.qaautomationlab.test.login_Test.doinvalidlogin(login_Test.java:74)
at java.base/java.util.ArrayList.forEach(ArrayList.java:1596)
Caused by: com.microsoft.playwright.TimeoutError: Error {
  message='Timeout 30000ms exceeded.
  name='TimeoutError
  stack='TimeoutError: Timeout 30000ms exceeded.
    at ProgressController.run (/private/var/folders/dv/8dk0lm9x17qfc39gqpw0273h0000gn/T/playwright-java-13449128504345480732/package/lib/server/progress.js:92:28)
    at FrameDispatcher._runCommand (/private/var/folders/dv/8dk0lm9x17qfc39gqpw0273h0000gn/T/playwright-java-13449128504345480732/package/lib/server/dispatchers/dispatcher.js:91:31)
    at DispatcherConnection.dispatch (/private/var/folders/dv/8dk0lm9x17qfc39gqpw0273h0000gn/T/playwright-java-13449128504345480732/package/lib/server/dispatchers/dispatcher.js:325:39)
}
Call log:
-   - waiting for locator("//input[@id='email']")

at com.microsoft.playwright.impl.Connection.dispatch(Connection.java:257)
at com.microsoft.playwright.impl.Connection.processOneMessage(Connection.java:214)
at com.microsoft.playwright.impl.ChannelOwner.runUntil(ChannelOwner.java:136)
... 33 more
... Removed 25 stack frames]]>
    </failure>
  </testcase> <!-- doinvalidlogin -->
  <testcase classname="com.qa.qaautomationlab.test.login_Test" name="doinvalidlogin" time="30.019">
    <failure type="com.microsoft.playwright.TimeoutError" message="Error {
  message=&amp;apos;Timeout 30000ms exceeded.
  name=&amp;apos;TimeoutError
  stack=&amp;apos;TimeoutError: Timeout 30000ms exceeded.
    at ProgressController.run (/private/var/folders/dv/8dk0lm9x17qfc39gqpw0273h0000gn/T/playwright-java-13449128504345480732/package/lib/server/progress.js:92:28)
    at FrameDispatcher._runCommand (/private/var/folders/dv/8dk0lm9x17qfc39gqpw0273h0000gn/T/playwright-java-13449128504345480732/package/lib/server/dispatchers/dispatcher.js:91:31)
    at DispatcherConnection.dispatch (/private/var/folders/dv/8dk0lm9x17qfc39gqpw0273h0000gn/T/playwright-java-13449128504345480732/package/lib/server/dispatchers/dispatcher.js:325:39)
}
Call log:
-   - waiting for locator(&amp;quot;//input[@id=&amp;apos;email&amp;apos;]&amp;quot;)
">
      <![CDATA[com.microsoft.playwright.TimeoutError: Error {
  message='Timeout 30000ms exceeded.
  name='TimeoutError
  stack='TimeoutError: Timeout 30000ms exceeded.
    at ProgressController.run (/private/var/folders/dv/8dk0lm9x17qfc39gqpw0273h0000gn/T/playwright-java-13449128504345480732/package/lib/server/progress.js:92:28)
    at FrameDispatcher._runCommand (/private/var/folders/dv/8dk0lm9x17qfc39gqpw0273h0000gn/T/playwright-java-13449128504345480732/package/lib/server/dispatchers/dispatcher.js:91:31)
    at DispatcherConnection.dispatch (/private/var/folders/dv/8dk0lm9x17qfc39gqpw0273h0000gn/T/playwright-java-13449128504345480732/package/lib/server/dispatchers/dispatcher.js:325:39)
}
Call log:
-   - waiting for locator("//input[@id='email']")

at com.microsoft.playwright.impl.WaitableResult.get(WaitableResult.java:52)
at com.microsoft.playwright.impl.ChannelOwner.runUntil(ChannelOwner.java:138)
at com.microsoft.playwright.impl.Connection.sendMessage(Connection.java:131)
at com.microsoft.playwright.impl.ChannelOwner.sendMessage(ChannelOwner.java:124)
at com.microsoft.playwright.impl.FrameImpl.fill(FrameImpl.java:310)
at com.microsoft.playwright.impl.PageImpl.fill(PageImpl.java:785)
at com.microsoft.playwright.Page.fill(Page.java:4810)
at com.qa.qaautomationlabs.pages.login_page.dologin(login_page.java:38)
at com.qa.qaautomationlab.test.login_Test.doinvalidlogin(login_Test.java:74)
at java.base/java.util.ArrayList.forEach(ArrayList.java:1596)
Caused by: com.microsoft.playwright.TimeoutError: Error {
  message='Timeout 30000ms exceeded.
  name='TimeoutError
  stack='TimeoutError: Timeout 30000ms exceeded.
    at ProgressController.run (/private/var/folders/dv/8dk0lm9x17qfc39gqpw0273h0000gn/T/playwright-java-13449128504345480732/package/lib/server/progress.js:92:28)
    at FrameDispatcher._runCommand (/private/var/folders/dv/8dk0lm9x17qfc39gqpw0273h0000gn/T/playwright-java-13449128504345480732/package/lib/server/dispatchers/dispatcher.js:91:31)
    at DispatcherConnection.dispatch (/private/var/folders/dv/8dk0lm9x17qfc39gqpw0273h0000gn/T/playwright-java-13449128504345480732/package/lib/server/dispatchers/dispatcher.js:325:39)
}
Call log:
-   - waiting for locator("//input[@id='email']")

at com.microsoft.playwright.impl.Connection.dispatch(Connection.java:257)
at com.microsoft.playwright.impl.Connection.processOneMessage(Connection.java:214)
at com.microsoft.playwright.impl.ChannelOwner.runUntil(ChannelOwner.java:136)
... 33 more
... Removed 25 stack frames]]>
    </failure>
  </testcase> <!-- doinvalidlogin -->
  <testcase classname="com.qa.qaautomationlab.test.login_Test" name="dolvalidlogin" time="30.011">
    <failure type="com.microsoft.playwright.TimeoutError" message="Error {
  message=&amp;apos;Timeout 30000ms exceeded.
  name=&amp;apos;TimeoutError
  stack=&amp;apos;TimeoutError: Timeout 30000ms exceeded.
    at ProgressController.run (/private/var/folders/dv/8dk0lm9x17qfc39gqpw0273h0000gn/T/playwright-java-13449128504345480732/package/lib/server/progress.js:92:28)
    at FrameDispatcher._runCommand (/private/var/folders/dv/8dk0lm9x17qfc39gqpw0273h0000gn/T/playwright-java-13449128504345480732/package/lib/server/dispatchers/dispatcher.js:91:31)
    at DispatcherConnection.dispatch (/private/var/folders/dv/8dk0lm9x17qfc39gqpw0273h0000gn/T/playwright-java-13449128504345480732/package/lib/server/dispatchers/dispatcher.js:325:39)
}
Call log:
-   - waiting for locator(&amp;quot;//input[@id=&amp;apos;email&amp;apos;]&amp;quot;)
">
      <![CDATA[com.microsoft.playwright.TimeoutError: Error {
  message='Timeout 30000ms exceeded.
  name='TimeoutError
  stack='TimeoutError: Timeout 30000ms exceeded.
    at ProgressController.run (/private/var/folders/dv/8dk0lm9x17qfc39gqpw0273h0000gn/T/playwright-java-13449128504345480732/package/lib/server/progress.js:92:28)
    at FrameDispatcher._runCommand (/private/var/folders/dv/8dk0lm9x17qfc39gqpw0273h0000gn/T/playwright-java-13449128504345480732/package/lib/server/dispatchers/dispatcher.js:91:31)
    at DispatcherConnection.dispatch (/private/var/folders/dv/8dk0lm9x17qfc39gqpw0273h0000gn/T/playwright-java-13449128504345480732/package/lib/server/dispatchers/dispatcher.js:325:39)
}
Call log:
-   - waiting for locator("//input[@id='email']")

at com.microsoft.playwright.impl.WaitableResult.get(WaitableResult.java:52)
at com.microsoft.playwright.impl.ChannelOwner.runUntil(ChannelOwner.java:138)
at com.microsoft.playwright.impl.Connection.sendMessage(Connection.java:131)
at com.microsoft.playwright.impl.ChannelOwner.sendMessage(ChannelOwner.java:124)
at com.microsoft.playwright.impl.FrameImpl.fill(FrameImpl.java:310)
at com.microsoft.playwright.impl.PageImpl.fill(PageImpl.java:785)
at com.microsoft.playwright.Page.fill(Page.java:4810)
at com.qa.qaautomationlabs.pages.login_page.dologin(login_page.java:38)
at com.qa.qaautomationlab.test.login_Test.dolvalidlogin(login_Test.java:60)
at java.base/java.util.ArrayList.forEach(ArrayList.java:1596)
Caused by: com.microsoft.playwright.TimeoutError: Error {
  message='Timeout 30000ms exceeded.
  name='TimeoutError
  stack='TimeoutError: Timeout 30000ms exceeded.
    at ProgressController.run (/private/var/folders/dv/8dk0lm9x17qfc39gqpw0273h0000gn/T/playwright-java-13449128504345480732/package/lib/server/progress.js:92:28)
    at FrameDispatcher._runCommand (/private/var/folders/dv/8dk0lm9x17qfc39gqpw0273h0000gn/T/playwright-java-13449128504345480732/package/lib/server/dispatchers/dispatcher.js:91:31)
    at DispatcherConnection.dispatch (/private/var/folders/dv/8dk0lm9x17qfc39gqpw0273h0000gn/T/playwright-java-13449128504345480732/package/lib/server/dispatchers/dispatcher.js:325:39)
}
Call log:
-   - waiting for locator("//input[@id='email']")

at com.microsoft.playwright.impl.Connection.dispatch(Connection.java:257)
at com.microsoft.playwright.impl.Connection.processOneMessage(Connection.java:214)
at com.microsoft.playwright.impl.ChannelOwner.runUntil(ChannelOwner.java:136)
... 33 more
... Removed 25 stack frames]]>
    </failure>
  </testcase> <!-- dolvalidlogin -->
  <testcase classname="com.qa.qaautomationlab.test.login_Test" name="logintitle" time="0.037"/>
  <testcase classname="com.qa.qaautomationlab.test.login_Test" name="loginurl" time="0.003"/>
  <testcase classname="com.qa.qaautomationlab.test.Addtocart_test" name="addtocart" time="0.015">
    <failure type="java.lang.NullPointerException" message="Cannot invoke &amp;quot;com.qa.qaautomationlabs.pages.Addtocart_page.addtocart()&amp;quot; because &amp;quot;this.ap&amp;quot; is null">
      <![CDATA[java.lang.NullPointerException: Cannot invoke "com.qa.qaautomationlabs.pages.Addtocart_page.addtocart()" because "this.ap" is null
at com.qa.qaautomationlab.test.Addtocart_test.addtocart(Addtocart_test.java:15)
at java.base/java.util.ArrayList.forEach(ArrayList.java:1596)
... Removed 25 stack frames]]>
    </failure>
  </testcase> <!-- addtocart -->
  <testcase classname="com.qa.qaautomationlabs.base.Base_test" name="@BeforeTest setup" time="0.0">
    <ignored/>
  </testcase> <!-- @BeforeTest setup -->
  <testcase classname="com.qa.qaautomationlabs.base.Base_test" name="@AfterTest teardown" time="0.0">
    <ignored/>
  </testcase> <!-- @AfterTest teardown -->
</testsuite> <!-- qaautomationlabs testregression -->
