<?xml version="1.0" encoding="UTF-8"?>
<!-- Generated by org.testng.reporters.JUnitXMLReporter -->
<testsuite ignored="0" hostname="Aswin-mac.local" failures="0" tests="7" name="Default test" time="241.804" errors="0" timestamp="2026-09-17T20:24:45 IST">
  <testcase classname="com.qa.qaautomationlab.test.login_Test" name="doinvalidlogin" time="2.798"/>
  <testcase classname="com.qa.qaautomationlab.test.login_Test" name="doinvalidlogin" time="2.054"/>
  <testcase classname="com.qa.qaautomationlab.test.login_Test" name="doinvalidlogin" time="2.26"/>
  <testcase classname="com.qa.qaautomationlab.test.login_Test" name="doinvalidlogin" time="2.73"/>
  <testcase classname="com.qa.qaautomationlab.test.login_Test" name="dolvalidlogin" time="3.278"/>
  <testcase classname="com.qa.qaautomationlab.test.login_Test" name="logintitle" time="0.018"/>
  <testcase classname="com.qa.qaautomationlab.test.login_Test" name="loginurl" time="0.004"/>
</testsuite> <!-- Default test -->
