<?xml version="1.0" encoding="UTF-8"?>
<!-- Generated by org.testng.reporters.JUnitXMLReporter -->
<testsuite ignored="0" hostname="Aswin-mac.local" failures="0" tests="7" name="Default test" time="112.373" errors="0" timestamp="2026-09-06T12:11:08 IST">
  <testcase classname="com.qa.qaautomationlab.test.login_Test" name="doinvalidlogin" time="2.916"/>
  <testcase classname="com.qa.qaautomationlab.test.login_Test" name="doinvalidlogin" time="2.501"/>
  <testcase classname="com.qa.qaautomationlab.test.login_Test" name="doinvalidlogin" time="2.62"/>
  <testcase classname="com.qa.qaautomationlab.test.login_Test" name="doinvalidlogin" time="2.963"/>
  <testcase classname="com.qa.qaautomationlab.test.login_Test" name="dolvalidlogin" time="3.062"/>
  <testcase classname="com.qa.qaautomationlab.test.login_Test" name="logintitle" time="0.034"/>
  <testcase classname="com.qa.qaautomationlab.test.login_Test" name="loginurl" time="0.016"/>
</testsuite> <!-- Default test -->
