<?xml version="1.0" encoding="UTF-8"?>
<!-- Generated by org.testng.reporters.JUnitXMLReporter -->
<testsuite ignored="0" hostname="Aswin-mac.local" failures="0" tests="7" name="Login Tests" time="142.47" errors="0" timestamp="2026-09-06T14:19:47 IST">
  <testcase classname="com.qa.qaautomationlab.test.login_Test" name="doinvalidlogin" time="3.731"/>
  <testcase classname="com.qa.qaautomationlab.test.login_Test" name="doinvalidlogin" time="3.792"/>
  <testcase classname="com.qa.qaautomationlab.test.login_Test" name="doinvalidlogin" time="3.239"/>
  <testcase classname="com.qa.qaautomationlab.test.login_Test" name="doinvalidlogin" time="3.941"/>
  <testcase classname="com.qa.qaautomationlab.test.login_Test" name="dolvalidlogin" time="4.315"/>
  <testcase classname="com.qa.qaautomationlab.test.login_Test" name="logintitle" time="0.043"/>
  <testcase classname="com.qa.qaautomationlab.test.login_Test" name="loginurl" time="0.017"/>
</testsuite> <!-- Login Tests -->
