<?xml version="1.0" encoding="UTF-8"?>
<!-- Generated by org.testng.reporters.JUnitXMLReporter -->
<testsuite ignored="0" hostname="Aswin-mac.local" failures="0" tests="7" name="Login Tests" time="122.157" errors="0" timestamp="2026-09-18T00:07:33 IST">
  <testcase classname="com.qa.qaautomationlab.test.login_Test" name="doinvalidlogin" time="2.715"/>
  <testcase classname="com.qa.qaautomationlab.test.login_Test" name="doinvalidlogin" time="2.651"/>
  <testcase classname="com.qa.qaautomationlab.test.login_Test" name="doinvalidlogin" time="3.014"/>
  <testcase classname="com.qa.qaautomationlab.test.login_Test" name="doinvalidlogin" time="2.76"/>
  <testcase classname="com.qa.qaautomationlab.test.login_Test" name="dolvalidlogin" time="3.501"/>
  <testcase classname="com.qa.qaautomationlab.test.login_Test" name="logintitle" time="0.042"/>
  <testcase classname="com.qa.qaautomationlab.test.login_Test" name="loginurl" time="0.008"/>
</testsuite> <!-- Login Tests -->
