<?xml version="1.0" encoding="UTF-8"?>
<!-- Generated by org.testng.reporters.JUnitReportReporter -->
<testsuite hostname="Aswin-mac.local" failures="0" tests="7" name="com.qa.qaautomationlab.test.login_Test" time="116.826" errors="0" timestamp="2026-09-18T00:07:53 IST" skipped="0">
  <testcase classname="com.qa.qaautomationlab.test.login_Test" name="doinvalidlogin" time="14.046"/>
  <testcase classname="com.qa.qaautomationlab.test.login_Test" name="doinvalidlogin" time="34.702"/>
  <testcase classname="com.qa.qaautomationlab.test.login_Test" name="doinvalidlogin" time="15.319"/>
  <testcase classname="com.qa.qaautomationlab.test.login_Test" name="loginurl" time="12.308"/>
  <testcase classname="com.qa.qaautomationlab.test.login_Test" name="doinvalidlogin" time="14.499"/>
  <testcase classname="com.qa.qaautomationlab.test.login_Test" name="logintitle" time="11.414"/>
  <testcase classname="com.qa.qaautomationlab.test.login_Test" name="dolvalidlogin" time="14.538"/>
</testsuite> <!-- com.qa.qaautomationlab.test.login_Test -->
