<?xml version="1.0" encoding="UTF-8"?>
<!-- Generated by org.testng.reporters.JUnitReportReporter -->
<testsuite hostname="Aswin-mac.local" failures="0" tests="7" name="com.qa.qaautomationlab.test.login_Test" time="136.027" errors="0" timestamp="2026-09-06T14:20:08 IST" skipped="0">
  <testcase classname="com.qa.qaautomationlab.test.login_Test" name="doinvalidlogin" time="17.970"/>
  <testcase classname="com.qa.qaautomationlab.test.login_Test" name="doinvalidlogin" time="37.447"/>
  <testcase classname="com.qa.qaautomationlab.test.login_Test" name="logintitle" time="14.495"/>
  <testcase classname="com.qa.qaautomationlab.test.login_Test" name="dolvalidlogin" time="17.064"/>
  <testcase classname="com.qa.qaautomationlab.test.login_Test" name="loginurl" time="13.335"/>
  <testcase classname="com.qa.qaautomationlab.test.login_Test" name="doinvalidlogin" time="17.731"/>
  <testcase classname="com.qa.qaautomationlab.test.login_Test" name="doinvalidlogin" time="17.985"/>
</testsuite> <!-- com.qa.qaautomationlab.test.login_Test -->
